<?xml version="1.0" encoding="UTF-8"?>
<!-- Generated by org.testng.reporters.JUnitXMLReporter -->
<testsuite ignored="0" hostname="DESKTOP-3CFDAQ8" failures="1" tests="14" name="Surefire test" time="86.066" errors="0" timestamp="2024-08-17T15:03:37 IST">
  <testcase classname="com.tutorialsninja.qa.tests.LoginTest" name="verifyLoginWithValidCredentials" time="1.361"/>
  <testcase classname="com.tutorialsninja.qa.tests.LoginTest" name="verifyLoginWithValidCredentials" time="1.254"/>
  <testcase classname="com.tutorialsninja.qa.tests.LoginTest" name="verifyLoginWithValidCredentials" time="1.141"/>
  <testcase classname="com.tutorialsninja.qa.tests.LoginTest" name="verifyLoginWithInvalidEmailAndValidPassword" time="1.017"/>
  <testcase classname="com.tutorialsninja.qa.tests.LoginTest" name="verifyLoginWithValidEmailAndInvalidPassword" time="0.921">
    <failure type="java.lang.AssertionError" message="expected [true] but found [false]">
      <![CDATA[java.lang.AssertionError: expected [true] but found [false]
at com.tutorialsninja.qa.tests.LoginTest.verifyLoginWithValidEmailAndInvalidPassword(LoginTest.java:82)
at java.base/java.util.ArrayList.forEach(ArrayList.java:1511)
... Removed 36 stack frames]]>
    </failure>
  </testcase> <!-- verifyLoginWithValidEmailAndInvalidPassword -->
  <testcase classname="com.tutorialsninja.qa.tests.LoginTest" name="verifyLoginWithInvalidEmailInvalidPassword" time="1.159"/>
  <testcase classname="com.tutorialsninja.qa.tests.LoginTest" name="verifyLoginWithoutProvindingAnyCredentials" time="0.789"/>
  <testcase classname="com.tutorialsninja.qa.tests.RegisterTest" name="verifyRegisterAccountWithMandatoryFeild" time="2.124"/>
  <testcase classname="com.tutorialsninja.qa.tests.RegisterTest" name="verifyRegisterAccountWithAllFeild" time="2.132"/>
  <testcase classname="com.tutorialsninja.qa.tests.RegisterTest" name="registerAccountWithDuplicateEmailAddressFeild" time="1.538"/>
  <testcase classname="com.tutorialsninja.qa.tests.RegisterTest" name="registerAccountWithoutUsingAnyFeild" time="0.765"/>
  <testcase classname="com.tutorialsninja.qa.tests.SearchTest" name="searchValidProduct" time="0.866"/>
  <testcase classname="com.tutorialsninja.qa.tests.SearchTest" name="searchInvalidProduct" time="2.109"/>
  <testcase classname="com.tutorialsninja.qa.tests.SearchTest" name="seachProductWithoutAnyProduct" time="0.55"/>
</testsuite> <!-- Surefire test -->
