<?xml version="1.0" encoding="UTF-8"?>
<!-- Generated by org.testng.reporters.JUnitXMLReporter -->
<testsuite ignored="0" hostname="DESKTOP-3CFDAQ8" failures="1" tests="14" name="Test" time="91.14" errors="0" timestamp="2024-08-17T16:24:38 IST">
  <testcase classname="com.tutorialsninja.qa.tests.RegisterTest" name="verifyRegisterAccountWithMandatoryFeild" time="1.912"/>
  <testcase classname="com.tutorialsninja.qa.tests.RegisterTest" name="verifyRegisterAccountWithAllFeild" time="1.831"/>
  <testcase classname="com.tutorialsninja.qa.tests.RegisterTest" name="registerAccountWithDuplicateEmailAddressFeild" time="1.337"/>
  <testcase classname="com.tutorialsninja.qa.tests.RegisterTest" name="registerAccountWithoutUsingAnyFeild" time="0.909"/>
  <testcase classname="com.tutorialsninja.qa.tests.LoginTest" name="verifyLoginWithValidCredentials" time="1.41"/>
  <testcase classname="com.tutorialsninja.qa.tests.LoginTest" name="verifyLoginWithValidCredentials" time="1.47"/>
  <testcase classname="com.tutorialsninja.qa.tests.LoginTest" name="verifyLoginWithValidCredentials" time="1.376"/>
  <testcase classname="com.tutorialsninja.qa.tests.LoginTest" name="verifyLoginWithInvalidEmailAndValidPassword" time="1.178"/>
  <testcase classname="com.tutorialsninja.qa.tests.LoginTest" name="verifyLoginWithValidEmailAndInvalidPassword" time="1.235">
    <failure type="java.lang.AssertionError" message="expected [true] but found [false]">
      <![CDATA[java.lang.AssertionError: expected [true] but found [false]
at com.tutorialsninja.qa.tests.LoginTest.verifyLoginWithValidEmailAndInvalidPassword(LoginTest.java:82)
at java.base/java.util.ArrayList.forEach(ArrayList.java:1511)
... Removed 35 stack frames]]>
    </failure>
  </testcase> <!-- verifyLoginWithValidEmailAndInvalidPassword -->
  <testcase classname="com.tutorialsninja.qa.tests.LoginTest" name="verifyLoginWithInvalidEmailInvalidPassword" time="1.424"/>
  <testcase classname="com.tutorialsninja.qa.tests.LoginTest" name="verifyLoginWithoutProvindingAnyCredentials" time="0.813"/>
  <testcase classname="com.tutorialsninja.qa.tests.SearchTest" name="searchValidProduct" time="1.122"/>
  <testcase classname="com.tutorialsninja.qa.tests.SearchTest" name="searchInvalidProduct" time="0.913"/>
  <testcase classname="com.tutorialsninja.qa.tests.SearchTest" name="seachProductWithoutAnyProduct" time="0.672"/>
</testsuite> <!-- Test -->
