<?xml version="1.0" encoding="UTF-8"?>
<testng-results ignored="0" total="14" passed="13" failed="1" skipped="0">
  <reporter-output>
  </reporter-output>
  <suite started-at="2024-08-17T16:23:06 IST" name="Suite" finished-at="2024-08-17T16:24:37 IST" duration-ms="91140">
    <groups>
    </groups>
    <test started-at="2024-08-17T16:23:06 IST" name="Test" finished-at="2024-08-17T16:24:37 IST" duration-ms="91140">
      <class name="com.tutorialsninja.qa.tests.LoginTest">
        <test-method is-config="true" signature="setup()[pri:0, instance:com.tutorialsninja.qa.tests.LoginTest@353d0772]" started-at="2024-08-17T16:23:36 IST" name="setup" finished-at="2024-08-17T16:23:41 IST" duration-ms="5019" status="PASS">
          <reporter-output>
          </reporter-output>
        </test-method> <!-- setup -->
        <test-method signature="verifyLoginWithValidCredentials(java.lang.String,java.lang.String)[pri:1, instance:com.tutorialsninja.qa.tests.LoginTest@353d0772]" started-at="2024-08-17T16:23:41 IST" name="verifyLoginWithValidCredentials" data-provider="loginDataSupplier" finished-at="2024-08-17T16:23:43 IST" duration-ms="1410" status="PASS">
          <params>
            <param index="0">
              <value>
                <![CDATA[ajinkyajagdale1@gmail.com]]>
              </value>
            </param>
            <param index="1">
              <value>
                <![CDATA[12345]]>
              </value>
            </param>
          </params>
          <reporter-output>
          </reporter-output>
        </test-method> <!-- verifyLoginWithValidCredentials -->
        <test-method is-config="true" signature="tearDown()[pri:0, instance:com.tutorialsninja.qa.tests.LoginTest@353d0772]" started-at="2024-08-17T16:23:43 IST" name="tearDown" finished-at="2024-08-17T16:23:43 IST" duration-ms="238" status="PASS">
          <reporter-output>
          </reporter-output>
        </test-method> <!-- tearDown -->
        <test-method is-config="true" signature="setup()[pri:0, instance:com.tutorialsninja.qa.tests.LoginTest@353d0772]" started-at="2024-08-17T16:23:43 IST" name="setup" finished-at="2024-08-17T16:23:48 IST" duration-ms="4975" status="PASS">
          <reporter-output>
          </reporter-output>
        </test-method> <!-- setup -->
        <test-method signature="verifyLoginWithValidCredentials(java.lang.String,java.lang.String)[pri:1, instance:com.tutorialsninja.qa.tests.LoginTest@353d0772]" started-at="2024-08-17T16:23:48 IST" name="verifyLoginWithValidCredentials" data-provider="loginDataSupplier" finished-at="2024-08-17T16:23:49 IST" duration-ms="1470" status="PASS">
          <params>
            <param index="0">
              <value>
                <![CDATA[ajinkya12345@gmail.com]]>
              </value>
            </param>
            <param index="1">
              <value>
                <![CDATA[12345]]>
              </value>
            </param>
          </params>
          <reporter-output>
          </reporter-output>
        </test-method> <!-- verifyLoginWithValidCredentials -->
        <test-method is-config="true" signature="tearDown()[pri:0, instance:com.tutorialsninja.qa.tests.LoginTest@353d0772]" started-at="2024-08-17T16:23:49 IST" name="tearDown" finished-at="2024-08-17T16:23:50 IST" duration-ms="296" status="PASS">
          <reporter-output>
          </reporter-output>
        </test-method> <!-- tearDown -->
        <test-method is-config="true" signature="setup()[pri:0, instance:com.tutorialsninja.qa.tests.LoginTest@353d0772]" started-at="2024-08-17T16:23:50 IST" name="setup" finished-at="2024-08-17T16:23:55 IST" duration-ms="4795" status="PASS">
          <reporter-output>
          </reporter-output>
        </test-method> <!-- setup -->
        <test-method signature="verifyLoginWithValidCredentials(java.lang.String,java.lang.String)[pri:1, instance:com.tutorialsninja.qa.tests.LoginTest@353d0772]" started-at="2024-08-17T16:23:55 IST" name="verifyLoginWithValidCredentials" data-provider="loginDataSupplier" finished-at="2024-08-17T16:23:56 IST" duration-ms="1376" status="PASS">
          <params>
            <param index="0">
              <value>
                <![CDATA[ajjagdale8@gmail.com]]>
              </value>
            </param>
            <param index="1">
              <value>
                <![CDATA[12345]]>
              </value>
            </param>
          </params>
          <reporter-output>
          </reporter-output>
        </test-method> <!-- verifyLoginWithValidCredentials -->
        <test-method is-config="true" signature="tearDown()[pri:0, instance:com.tutorialsninja.qa.tests.LoginTest@353d0772]" started-at="2024-08-17T16:23:56 IST" name="tearDown" finished-at="2024-08-17T16:23:56 IST" duration-ms="310" status="PASS">
          <reporter-output>
          </reporter-output>
        </test-method> <!-- tearDown -->
        <test-method is-config="true" signature="setup()[pri:0, instance:com.tutorialsninja.qa.tests.LoginTest@353d0772]" started-at="2024-08-17T16:23:56 IST" name="setup" finished-at="2024-08-17T16:24:02 IST" duration-ms="5286" status="PASS">
          <reporter-output>
          </reporter-output>
        </test-method> <!-- setup -->
        <test-method signature="verifyLoginWithInvalidEmailAndValidPassword()[pri:2, instance:com.tutorialsninja.qa.tests.LoginTest@353d0772]" started-at="2024-08-17T16:24:02 IST" name="verifyLoginWithInvalidEmailAndValidPassword" finished-at="2024-08-17T16:24:03 IST" duration-ms="1178" status="PASS">
          <reporter-output>
          </reporter-output>
        </test-method> <!-- verifyLoginWithInvalidEmailAndValidPassword -->
        <test-method is-config="true" signature="tearDown()[pri:0, instance:com.tutorialsninja.qa.tests.LoginTest@353d0772]" started-at="2024-08-17T16:24:03 IST" name="tearDown" finished-at="2024-08-17T16:24:03 IST" duration-ms="233" status="PASS">
          <reporter-output>
          </reporter-output>
        </test-method> <!-- tearDown -->
        <test-method is-config="true" signature="setup()[pri:0, instance:com.tutorialsninja.qa.tests.LoginTest@353d0772]" started-at="2024-08-17T16:24:03 IST" name="setup" finished-at="2024-08-17T16:24:08 IST" duration-ms="4681" status="PASS">
          <reporter-output>
          </reporter-output>
        </test-method> <!-- setup -->
        <test-method signature="verifyLoginWithValidEmailAndInvalidPassword()[pri:3, instance:com.tutorialsninja.qa.tests.LoginTest@353d0772]" started-at="2024-08-17T16:24:08 IST" name="verifyLoginWithValidEmailAndInvalidPassword" finished-at="2024-08-17T16:24:09 IST" duration-ms="1235" status="FAIL">
          <exception class="java.lang.AssertionError">
            <message>
              <![CDATA[expected [true] but found [false]]]>
            </message>
            <full-stacktrace>
              <![CDATA[java.lang.AssertionError: expected [true] but found [false]
at org.testng.Assert.fail(Assert.java:111)
at org.testng.Assert.failNotEquals(Assert.java:1578)
at org.testng.Assert.assertTrue(Assert.java:57)
at org.testng.Assert.assertTrue(Assert.java:67)
at com.tutorialsninja.qa.tests.LoginTest.verifyLoginWithValidEmailAndInvalidPassword(LoginTest.java:82)
at java.base/jdk.internal.reflect.NativeMethodAccessorImpl.invoke0(Native Method)
at java.base/jdk.internal.reflect.NativeMethodAccessorImpl.invoke(NativeMethodAccessorImpl.java:77)
at java.base/jdk.internal.reflect.DelegatingMethodAccessorImpl.invoke(DelegatingMethodAccessorImpl.java:43)
at java.base/java.lang.reflect.Method.invoke(Method.java:568)
at org.testng.internal.invokers.MethodInvocationHelper.invokeMethod(MethodInvocationHelper.java:139)
at org.testng.internal.invokers.TestInvoker.invokeMethod(TestInvoker.java:664)
at org.testng.internal.invokers.TestInvoker.invokeTestMethod(TestInvoker.java:227)
at org.testng.internal.invokers.MethodRunner.runInSequence(MethodRunner.java:50)
at org.testng.internal.invokers.TestInvoker$MethodInvocationAgent.invoke(TestInvoker.java:957)
at org.testng.internal.invokers.TestInvoker.invokeTestMethods(TestInvoker.java:200)
at org.testng.internal.invokers.TestMethodWorker.invokeTestMethods(TestMethodWorker.java:148)
at org.testng.internal.invokers.TestMethodWorker.run(TestMethodWorker.java:128)
at java.base/java.util.ArrayList.forEach(ArrayList.java:1511)
at org.testng.TestRunner.privateRun(TestRunner.java:848)
at org.testng.TestRunner.run(TestRunner.java:621)
at org.testng.SuiteRunner.runTest(SuiteRunner.java:443)
at org.testng.SuiteRunner.runSequentially(SuiteRunner.java:437)
at org.testng.SuiteRunner.privateRun(SuiteRunner.java:397)
at org.testng.SuiteRunner.run(SuiteRunner.java:336)
at org.testng.SuiteRunnerWorker.runSuite(SuiteRunnerWorker.java:52)
at org.testng.SuiteRunnerWorker.run(SuiteRunnerWorker.java:95)
at org.testng.TestNG.runSuitesSequentially(TestNG.java:1280)
at org.testng.TestNG.runSuitesLocally(TestNG.java:1200)
at org.testng.TestNG.runSuites(TestNG.java:1114)
at org.testng.TestNG.run(TestNG.java:1082)
at org.apache.maven.surefire.testng.TestNGExecutor.run(TestNGExecutor.java:283)
at org.apache.maven.surefire.testng.TestNGXmlTestSuite.execute(TestNGXmlTestSuite.java:75)
at org.apache.maven.surefire.testng.TestNGProvider.invoke(TestNGProvider.java:120)
at org.apache.maven.surefire.booter.ForkedBooter.invokeProviderInSameClassLoader(ForkedBooter.java:384)
at org.apache.maven.surefire.booter.ForkedBooter.runSuitesInProcess(ForkedBooter.java:345)
at org.apache.maven.surefire.booter.ForkedBooter.execute(ForkedBooter.java:126)
at org.apache.maven.surefire.booter.ForkedBooter.main(ForkedBooter.java:418)
]]>
            </full-stacktrace>
          </exception> <!-- java.lang.AssertionError -->
          <reporter-output>
          </reporter-output>
        </test-method> <!-- verifyLoginWithValidEmailAndInvalidPassword -->
        <test-method is-config="true" signature="tearDown()[pri:0, instance:com.tutorialsninja.qa.tests.LoginTest@353d0772]" started-at="2024-08-17T16:24:09 IST" name="tearDown" finished-at="2024-08-17T16:24:09 IST" duration-ms="300" status="PASS">
          <reporter-output>
          </reporter-output>
        </test-method> <!-- tearDown -->
        <test-method is-config="true" signature="setup()[pri:0, instance:com.tutorialsninja.qa.tests.LoginTest@353d0772]" started-at="2024-08-17T16:24:09 IST" name="setup" finished-at="2024-08-17T16:24:14 IST" duration-ms="4953" status="PASS">
          <reporter-output>
          </reporter-output>
        </test-method> <!-- setup -->
        <test-method signature="verifyLoginWithInvalidEmailInvalidPassword()[pri:4, instance:com.tutorialsninja.qa.tests.LoginTest@353d0772]" started-at="2024-08-17T16:24:14 IST" name="verifyLoginWithInvalidEmailInvalidPassword" finished-at="2024-08-17T16:24:16 IST" duration-ms="1424" status="PASS">
          <reporter-output>
          </reporter-output>
        </test-method> <!-- verifyLoginWithInvalidEmailInvalidPassword -->
        <test-method is-config="true" signature="tearDown()[pri:0, instance:com.tutorialsninja.qa.tests.LoginTest@353d0772]" started-at="2024-08-17T16:24:16 IST" name="tearDown" finished-at="2024-08-17T16:24:16 IST" duration-ms="279" status="PASS">
          <reporter-output>
          </reporter-output>
        </test-method> <!-- tearDown -->
        <test-method is-config="true" signature="setup()[pri:0, instance:com.tutorialsninja.qa.tests.LoginTest@353d0772]" started-at="2024-08-17T16:24:16 IST" name="setup" finished-at="2024-08-17T16:24:21 IST" duration-ms="4547" status="PASS">
          <reporter-output>
          </reporter-output>
        </test-method> <!-- setup -->
        <test-method signature="verifyLoginWithoutProvindingAnyCredentials()[pri:5, instance:com.tutorialsninja.qa.tests.LoginTest@353d0772]" started-at="2024-08-17T16:24:21 IST" name="verifyLoginWithoutProvindingAnyCredentials" finished-at="2024-08-17T16:24:22 IST" duration-ms="813" status="PASS">
          <reporter-output>
          </reporter-output>
        </test-method> <!-- verifyLoginWithoutProvindingAnyCredentials -->
        <test-method is-config="true" signature="tearDown()[pri:0, instance:com.tutorialsninja.qa.tests.LoginTest@353d0772]" started-at="2024-08-17T16:24:22 IST" name="tearDown" finished-at="2024-08-17T16:24:22 IST" duration-ms="222" status="PASS">
          <reporter-output>
          </reporter-output>
        </test-method> <!-- tearDown -->
      </class> <!-- com.tutorialsninja.qa.tests.LoginTest -->
      <class name="com.tutorialsninja.qa.tests.RegisterTest">
        <test-method is-config="true" signature="setup()[pri:0, instance:com.tutorialsninja.qa.tests.RegisterTest@36c88a32]" started-at="2024-08-17T16:23:06 IST" name="setup" finished-at="2024-08-17T16:23:13 IST" duration-ms="6513" status="PASS">
          <reporter-output>
          </reporter-output>
        </test-method> <!-- setup -->
        <test-method signature="verifyRegisterAccountWithMandatoryFeild()[pri:1, instance:com.tutorialsninja.qa.tests.RegisterTest@36c88a32]" started-at="2024-08-17T16:23:13 IST" name="verifyRegisterAccountWithMandatoryFeild" finished-at="2024-08-17T16:23:15 IST" duration-ms="1912" status="PASS">
          <reporter-output>
          </reporter-output>
        </test-method> <!-- verifyRegisterAccountWithMandatoryFeild -->
        <test-method is-config="true" signature="tearDown()[pri:0, instance:com.tutorialsninja.qa.tests.RegisterTest@36c88a32]" started-at="2024-08-17T16:23:15 IST" name="tearDown" finished-at="2024-08-17T16:23:15 IST" duration-ms="243" status="PASS">
          <reporter-output>
          </reporter-output>
        </test-method> <!-- tearDown -->
        <test-method is-config="true" signature="setup()[pri:0, instance:com.tutorialsninja.qa.tests.RegisterTest@36c88a32]" started-at="2024-08-17T16:23:15 IST" name="setup" finished-at="2024-08-17T16:23:21 IST" duration-ms="5964" status="PASS">
          <reporter-output>
          </reporter-output>
        </test-method> <!-- setup -->
        <test-method signature="verifyRegisterAccountWithAllFeild()[pri:2, instance:com.tutorialsninja.qa.tests.RegisterTest@36c88a32]" started-at="2024-08-17T16:23:21 IST" name="verifyRegisterAccountWithAllFeild" finished-at="2024-08-17T16:23:23 IST" duration-ms="1831" status="PASS">
          <reporter-output>
          </reporter-output>
        </test-method> <!-- verifyRegisterAccountWithAllFeild -->
        <test-method is-config="true" signature="tearDown()[pri:0, instance:com.tutorialsninja.qa.tests.RegisterTest@36c88a32]" started-at="2024-08-17T16:23:23 IST" name="tearDown" finished-at="2024-08-17T16:23:23 IST" duration-ms="214" status="PASS">
          <reporter-output>
          </reporter-output>
        </test-method> <!-- tearDown -->
        <test-method is-config="true" signature="setup()[pri:0, instance:com.tutorialsninja.qa.tests.RegisterTest@36c88a32]" started-at="2024-08-17T16:23:23 IST" name="setup" finished-at="2024-08-17T16:23:27 IST" duration-ms="4234" status="PASS">
          <reporter-output>
          </reporter-output>
        </test-method> <!-- setup -->
        <test-method signature="registerAccountWithDuplicateEmailAddressFeild()[pri:3, instance:com.tutorialsninja.qa.tests.RegisterTest@36c88a32]" started-at="2024-08-17T16:23:27 IST" name="registerAccountWithDuplicateEmailAddressFeild" finished-at="2024-08-17T16:23:29 IST" duration-ms="1337" status="PASS">
          <reporter-output>
          </reporter-output>
        </test-method> <!-- registerAccountWithDuplicateEmailAddressFeild -->
        <test-method is-config="true" signature="tearDown()[pri:0, instance:com.tutorialsninja.qa.tests.RegisterTest@36c88a32]" started-at="2024-08-17T16:23:29 IST" name="tearDown" finished-at="2024-08-17T16:23:29 IST" duration-ms="181" status="PASS">
          <reporter-output>
          </reporter-output>
        </test-method> <!-- tearDown -->
        <test-method is-config="true" signature="setup()[pri:0, instance:com.tutorialsninja.qa.tests.RegisterTest@36c88a32]" started-at="2024-08-17T16:23:29 IST" name="setup" finished-at="2024-08-17T16:23:34 IST" duration-ms="5568" status="PASS">
          <reporter-output>
          </reporter-output>
        </test-method> <!-- setup -->
        <test-method signature="registerAccountWithoutUsingAnyFeild()[pri:4, instance:com.tutorialsninja.qa.tests.RegisterTest@36c88a32]" started-at="2024-08-17T16:23:34 IST" name="registerAccountWithoutUsingAnyFeild" finished-at="2024-08-17T16:23:35 IST" duration-ms="909" status="PASS">
          <reporter-output>
          </reporter-output>
        </test-method> <!-- registerAccountWithoutUsingAnyFeild -->
        <test-method is-config="true" signature="tearDown()[pri:0, instance:com.tutorialsninja.qa.tests.RegisterTest@36c88a32]" started-at="2024-08-17T16:23:35 IST" name="tearDown" finished-at="2024-08-17T16:23:36 IST" duration-ms="220" status="PASS">
          <reporter-output>
          </reporter-output>
        </test-method> <!-- tearDown -->
      </class> <!-- com.tutorialsninja.qa.tests.RegisterTest -->
      <class name="com.tutorialsninja.qa.tests.SearchTest">
        <test-method is-config="true" signature="setup()[pri:0, instance:com.tutorialsninja.qa.tests.SearchTest@2667f029]" started-at="2024-08-17T16:24:22 IST" name="setup" finished-at="2024-08-17T16:24:26 IST" duration-ms="3990" status="PASS">
          <reporter-output>
          </reporter-output>
        </test-method> <!-- setup -->
        <test-method signature="searchValidProduct()[pri:1, instance:com.tutorialsninja.qa.tests.SearchTest@2667f029]" started-at="2024-08-17T16:24:26 IST" name="searchValidProduct" finished-at="2024-08-17T16:24:27 IST" duration-ms="1122" status="PASS">
          <reporter-output>
          </reporter-output>
        </test-method> <!-- searchValidProduct -->
        <test-method is-config="true" signature="tearDown()[pri:0, instance:com.tutorialsninja.qa.tests.SearchTest@2667f029]" started-at="2024-08-17T16:24:27 IST" name="tearDown" finished-at="2024-08-17T16:24:27 IST" duration-ms="245" status="PASS">
          <reporter-output>
          </reporter-output>
        </test-method> <!-- tearDown -->
        <test-method is-config="true" signature="setup()[pri:0, instance:com.tutorialsninja.qa.tests.SearchTest@2667f029]" started-at="2024-08-17T16:24:27 IST" name="setup" finished-at="2024-08-17T16:24:31 IST" duration-ms="3937" status="PASS">
          <reporter-output>
          </reporter-output>
        </test-method> <!-- setup -->
        <test-method signature="searchInvalidProduct()[pri:2, instance:com.tutorialsninja.qa.tests.SearchTest@2667f029]" started-at="2024-08-17T16:24:31 IST" name="searchInvalidProduct" finished-at="2024-08-17T16:24:32 IST" duration-ms="913" status="PASS">
          <reporter-output>
          </reporter-output>
        </test-method> <!-- searchInvalidProduct -->
        <test-method is-config="true" signature="tearDown()[pri:0, instance:com.tutorialsninja.qa.tests.SearchTest@2667f029]" started-at="2024-08-17T16:24:32 IST" name="tearDown" finished-at="2024-08-17T16:24:32 IST" duration-ms="285" status="PASS">
          <reporter-output>
          </reporter-output>
        </test-method> <!-- tearDown -->
        <test-method is-config="true" signature="setup()[pri:0, instance:com.tutorialsninja.qa.tests.SearchTest@2667f029]" started-at="2024-08-17T16:24:32 IST" name="setup" finished-at="2024-08-17T16:24:36 IST" duration-ms="4015" status="PASS">
          <reporter-output>
          </reporter-output>
        </test-method> <!-- setup -->
        <test-method signature="seachProductWithoutAnyProduct()[pri:3, instance:com.tutorialsninja.qa.tests.SearchTest@2667f029]" started-at="2024-08-17T16:24:36 IST" name="seachProductWithoutAnyProduct" finished-at="2024-08-17T16:24:37 IST" duration-ms="672" status="PASS">
          <reporter-output>
          </reporter-output>
        </test-method> <!-- seachProductWithoutAnyProduct -->
        <test-method is-config="true" signature="tearDown()[pri:0, instance:com.tutorialsninja.qa.tests.SearchTest@2667f029]" started-at="2024-08-17T16:24:37 IST" name="tearDown" finished-at="2024-08-17T16:24:37 IST" duration-ms="255" status="PASS">
          <reporter-output>
          </reporter-output>
        </test-method> <!-- tearDown -->
      </class> <!-- com.tutorialsninja.qa.tests.SearchTest -->
    </test> <!-- Test -->
  </suite> <!-- Suite -->
</testng-results>
